2022-12-13 11:43:10.836  INFO 16544 --- [main] c.w.retailer.RetailerApplicationTests    : Starting RetailerApplicationTests using Java 1.8.0_202 on DESKTOP-N3O59O7 with PID 16544 (started by zz948 in F:\projects\retailer)
2022-12-13 11:43:10.842 DEBUG 16544 --- [main] c.w.retailer.RetailerApplicationTests    : Running with Spring Boot v2.5.0, Spring v5.3.7
2022-12-13 11:43:10.845  INFO 16544 --- [main] c.w.retailer.RetailerApplicationTests    : No active profile set, falling back to default profiles: default
2022-12-13 11:43:13.528  INFO 16544 --- [main] .s.d.r.c.RepositoryConfigurationDelegate : Bootstrapping Spring Data JPA repositories in DEFAULT mode.
2022-12-13 11:43:13.595  INFO 16544 --- [main] .s.d.r.c.RepositoryConfigurationDelegate : Finished Spring Data repository scanning in 58 ms. Found 3 JPA repository interfaces.
2022-12-13 11:43:14.802  INFO 16544 --- [main] com.zaxxer.hikari.HikariDataSource       : HikariPool-1 - Starting...
2022-12-13 11:43:14.986  INFO 16544 --- [main] com.zaxxer.hikari.HikariDataSource       : HikariPool-1 - Start completed.
2022-12-13 11:43:15.057  INFO 16544 --- [main] o.hibernate.jpa.internal.util.LogHelper  : HHH000204: Processing PersistenceUnitInfo [name: default]
2022-12-13 11:43:15.168  INFO 16544 --- [main] org.hibernate.Version                    : HHH000412: Hibernate ORM core version 5.4.31.Final
2022-12-13 11:43:15.230  INFO 16544 --- [main] o.hibernate.annotations.common.Version   : HCANN000001: Hibernate Commons Annotations {5.1.2.Final}
2022-12-13 11:43:15.411  INFO 16544 --- [main] org.hibernate.dialect.Dialect            : HHH000400: Using dialect: org.hibernate.dialect.H2Dialect
2022-12-13 11:43:16.071  INFO 16544 --- [main] o.h.e.t.j.p.i.JtaPlatformInitiator       : HHH000490: Using JtaPlatform implementation: [org.hibernate.engine.transaction.jta.platform.internal.NoJtaPlatform]
2022-12-13 11:43:16.082  INFO 16544 --- [main] j.LocalContainerEntityManagerFactoryBean : Initialized JPA EntityManagerFactory for persistence unit 'default'
2022-12-13 11:43:16.354  WARN 16544 --- [main] JpaBaseConfiguration$JpaWebConfiguration : spring.jpa.open-in-view is enabled by default. Therefore, database queries may be performed during view rendering. Explicitly configure spring.jpa.open-in-view to disable this warning
2022-12-13 11:43:16.882  INFO 16544 --- [main] c.w.retailer.RetailerApplicationTests    : Started RetailerApplicationTests in 6.405 seconds (JVM running for 8.342)
2022-12-13 11:43:16.884  INFO 16544 --- [main] o.s.b.a.ApplicationAvailabilityBean      : Application availability state LivenessState changed to CORRECT
2022-12-13 11:43:16.885  INFO 16544 --- [main] o.s.b.a.ApplicationAvailabilityBean      : Application availability state ReadinessState changed to ACCEPTING_TRAFFIC
2022-12-13 11:43:16.937  INFO 16544 --- [main] o.s.mock.web.MockServletContext          : Initializing Spring TestDispatcherServlet ''
2022-12-13 11:43:16.937  INFO 16544 --- [main] o.s.t.web.servlet.TestDispatcherServlet  : Initializing Servlet ''
2022-12-13 11:43:16.938  INFO 16544 --- [main] o.s.t.web.servlet.TestDispatcherServlet  : Completed initialization in 1 ms
2022-12-13 11:43:29.915  INFO 1688 --- [main] com.webapi.retailer.RetailerApplication  : Starting RetailerApplication using Java 1.8.0_202 on DESKTOP-N3O59O7 with PID 1688 (F:\projects\retailer\target\classes started by zz948 in F:\projects\retailer)
2022-12-13 11:43:29.918 DEBUG 1688 --- [main] com.webapi.retailer.RetailerApplication  : Running with Spring Boot v2.5.0, Spring v5.3.7
2022-12-13 11:43:29.918  INFO 1688 --- [main] com.webapi.retailer.RetailerApplication  : No active profile set, falling back to default profiles: default
2022-12-13 11:43:30.575  INFO 1688 --- [main] .s.d.r.c.RepositoryConfigurationDelegate : Bootstrapping Spring Data JPA repositories in DEFAULT mode.
2022-12-13 11:43:30.645  INFO 1688 --- [main] .s.d.r.c.RepositoryConfigurationDelegate : Finished Spring Data repository scanning in 61 ms. Found 3 JPA repository interfaces.
2022-12-13 11:43:31.291  INFO 1688 --- [main] o.s.b.w.embedded.tomcat.TomcatWebServer  : Tomcat initialized with port(s): 8080 (http)
2022-12-13 11:43:31.302  INFO 1688 --- [main] o.apache.catalina.core.StandardService   : Starting service [Tomcat]
2022-12-13 11:43:31.303  INFO 1688 --- [main] org.apache.catalina.core.StandardEngine  : Starting Servlet engine: [Apache Tomcat/9.0.46]
2022-12-13 11:43:31.429  INFO 1688 --- [main] o.a.c.c.C.[Tomcat].[localhost].[/]       : Initializing Spring embedded WebApplicationContext
2022-12-13 11:43:31.429  INFO 1688 --- [main] w.s.c.ServletWebServerApplicationContext : Root WebApplicationContext: initialization completed in 1464 ms
2022-12-13 11:43:31.598  INFO 1688 --- [main] com.zaxxer.hikari.HikariDataSource       : HikariPool-1 - Starting...
2022-12-13 11:43:31.734  INFO 1688 --- [main] com.zaxxer.hikari.HikariDataSource       : HikariPool-1 - Start completed.
2022-12-13 11:43:31.774  INFO 1688 --- [main] o.hibernate.jpa.internal.util.LogHelper  : HHH000204: Processing PersistenceUnitInfo [name: default]
2022-12-13 11:43:31.823  INFO 1688 --- [main] org.hibernate.Version                    : HHH000412: Hibernate ORM core version 5.4.31.Final
2022-12-13 11:43:31.946  INFO 1688 --- [main] o.hibernate.annotations.common.Version   : HCANN000001: Hibernate Commons Annotations {5.1.2.Final}
2022-12-13 11:43:32.060  INFO 1688 --- [main] org.hibernate.dialect.Dialect            : HHH000400: Using dialect: org.hibernate.dialect.H2Dialect
2022-12-13 11:43:32.770  INFO 1688 --- [main] o.h.e.t.j.p.i.JtaPlatformInitiator       : HHH000490: Using JtaPlatform implementation: [org.hibernate.engine.transaction.jta.platform.internal.NoJtaPlatform]
2022-12-13 11:43:32.780  INFO 1688 --- [main] j.LocalContainerEntityManagerFactoryBean : Initialized JPA EntityManagerFactory for persistence unit 'default'
2022-12-13 11:43:33.182  WARN 1688 --- [main] JpaBaseConfiguration$JpaWebConfiguration : spring.jpa.open-in-view is enabled by default. Therefore, database queries may be performed during view rendering. Explicitly configure spring.jpa.open-in-view to disable this warning
2022-12-13 11:43:33.565  INFO 1688 --- [main] o.s.b.w.embedded.tomcat.TomcatWebServer  : Tomcat started on port(s): 8080 (http) with context path ''
2022-12-13 11:43:33.573  INFO 1688 --- [main] com.webapi.retailer.RetailerApplication  : Started RetailerApplication in 4.138 seconds (JVM running for 4.577)
2022-12-13 11:43:33.574  INFO 1688 --- [main] o.s.b.a.ApplicationAvailabilityBean      : Application availability state LivenessState changed to CORRECT
2022-12-13 11:43:33.575  INFO 1688 --- [main] o.s.b.a.ApplicationAvailabilityBean      : Application availability state ReadinessState changed to ACCEPTING_TRAFFIC
